<?xml version="1.0" encoding="UTF-8"?>
<!-- Generated by org.testng.reporters.JUnitReportReporter -->
<testsuite hostname="L-5CD4502FVD" failures="0" tests="1" name="PercyPOC.PercyAppium" time="14.737" errors="0" timestamp="2025-03-27T14:30:47 IST" skipped="0">
  <testcase classname="PercyPOC.PercyAppium" name="testVisual" time="14.737"/>
</testsuite> <!-- PercyPOC.PercyAppium -->
