<?xml version="1.0" encoding="UTF-8"?>
<!-- Generated by org.testng.reporters.JUnitReportReporter -->
<testsuite hostname="L-5CD4502FVD" failures="0" tests="1" name="PercyPOC.PercyAppiumTest" time="125.149" errors="0" timestamp="2025-04-06T14:57:57 IST" skipped="0">
  <testcase classname="PercyPOC.PercyAppiumTest" name="testVisual" time="125.149"/>
</testsuite> <!-- PercyPOC.PercyAppiumTest -->
